<?xml version="1.0" encoding="UTF-8"?>
<testng-results ignored="0" total="1" passed="1" failed="0" skipped="0">
  <reporter-output>
  </reporter-output>
  <suite started-at="2019-07-01T15:29:03Z" name="Default suite" finished-at="2019-07-01T15:29:05Z" duration-ms="1645">
    <groups>
    </groups>
    <test started-at="2019-07-01T15:29:03Z" name="Default test" finished-at="2019-07-01T15:29:05Z" duration-ms="1645">
      <class name="restAssuredTest.Demo2_PUTrequest">
        <test-method is-config="true" signature="putdata()[pri:0, instance:restAssuredTest.Demo2_PUTrequest@4b44655e]" started-at="2019-07-01T15:29:03Z" name="putdata" finished-at="2019-07-01T15:29:04Z" duration-ms="234" status="PASS">
          <reporter-output>
          </reporter-output>
        </test-method> <!-- putdata -->
        <test-method signature="testput()[pri:0, instance:restAssuredTest.Demo2_PUTrequest@4b44655e]" started-at="2019-07-01T15:29:04Z" name="testput" finished-at="2019-07-01T15:29:05Z" duration-ms="1407" status="PASS">
          <reporter-output>
          </reporter-output>
        </test-method> <!-- testput -->
      </class> <!-- restAssuredTest.Demo2_PUTrequest -->
    </test> <!-- Default test -->
  </suite> <!-- Default suite -->
</testng-results>
